<?xml version="1.0" encoding="UTF-8"?>
<!-- Generated by org.testng.reporters.JUnitReportReporter -->
<testsuite skipped="1" hostname="SAJambula2IN" name="test.java.com.sumtotal.automation.tests.ReportingTest" tests="2" failures="0" timestamp="2019-10-18T16:41:06 IST" time="0.060" errors="1">
  <testcase name="launchAndLogin" time="0.060" classname="test.java.com.sumtotal.automation.tests.ReportingTest">
    <error type="java.lang.NullPointerException">
      <![CDATA[java.lang.NullPointerException
at java.util.Objects.requireNonNull(Objects.java:203)
at org.openqa.selenium.support.ui.FluentWait.<init>(FluentWait.java:106)
at org.openqa.selenium.support.ui.WebDriverWait.<init>(WebDriverWait.java:85)
at org.openqa.selenium.support.ui.WebDriverWait.<init>(WebDriverWait.java:45)
at main.java.com.sumtotal.automation.pages.LoginPage.waiting(LoginPage.java:63)
at main.java.com.sumtotal.automation.pages.LoginPage.login(LoginPage.java:42)
at main.java.com.sumtotal.automation.pages.BasePage.launchAndLogin(BasePage.java:39)
at sun.reflect.NativeMethodAccessorImpl.invoke0(Native Method)
at sun.reflect.NativeMethodAccessorImpl.invoke(NativeMethodAccessorImpl.java:62)
at sun.reflect.DelegatingMethodAccessorImpl.invoke(DelegatingMethodAccessorImpl.java:43)
at java.lang.reflect.Method.invoke(Method.java:498)
at org.testng.internal.MethodInvocationHelper.invokeMethod(MethodInvocationHelper.java:131)
at org.testng.internal.MethodInvocationHelper.invokeMethodConsideringTimeout(MethodInvocationHelper.java:61)
at org.testng.internal.ConfigInvoker.invokeConfigurationMethod(ConfigInvoker.java:340)
at org.testng.internal.ConfigInvoker.invokeConfigurations(ConfigInvoker.java:294)
at org.testng.internal.TestMethodWorker.invokeBeforeClassMethods(TestMethodWorker.java:176)
at org.testng.internal.TestMethodWorker.run(TestMethodWorker.java:122)
at org.testng.TestRunner.privateRun(TestRunner.java:763)
at org.testng.TestRunner.run(TestRunner.java:594)
at org.testng.SuiteRunner.runTest(SuiteRunner.java:398)
at org.testng.SuiteRunner.runSequentially(SuiteRunner.java:392)
at org.testng.SuiteRunner.privateRun(SuiteRunner.java:355)
at org.testng.SuiteRunner.run(SuiteRunner.java:304)
at org.testng.SuiteRunnerWorker.runSuite(SuiteRunnerWorker.java:53)
at org.testng.SuiteRunnerWorker.run(SuiteRunnerWorker.java:96)
at org.testng.TestNG.runSuitesSequentially(TestNG.java:1146)
at org.testng.TestNG.runSuitesLocally(TestNG.java:1067)
at org.testng.TestNG.runSuites(TestNG.java:997)
at org.testng.TestNG.run(TestNG.java:965)
at org.testng.IDEARemoteTestNG.run(IDEARemoteTestNG.java:73)
at org.testng.RemoteTestNGStarter.main(RemoteTestNGStarter.java:123)
]]>
    </error>
  </testcase> <!-- launchAndLogin -->
  <testcase name="navigatingToReports" time="0.000" classname="test.java.com.sumtotal.automation.tests.ReportingTest">
    <skipped/>
  </testcase> <!-- navigatingToReports -->
</testsuite> <!-- test.java.com.sumtotal.automation.tests.ReportingTest -->
